<?xml version="1.0" encoding="UTF-8"?>
<!-- Generated by org.testng.reporters.JUnitReportReporter -->
<testsuite skipped="0" hostname="pc" name="testCases.CreateLeadTest" tests="2" failures="0" timestamp="2022-05-14T21:58:54 IST" time="84.710" errors="0">
  <testcase name="createLeadTestCase" time="42.812" classname="testCases.CreateLeadTest"/>
  <system-out/>
  <testcase name="createLeadTestCase" time="41.898" classname="testCases.CreateLeadTest"/>
  <system-out/>
</testsuite> <!-- testCases.CreateLeadTest -->
