<?xml version="1.0" encoding="UTF-8"?>
<!-- Generated by org.testng.reporters.JUnitReportReporter -->
<testsuite skipped="0" hostname="pc" name="testCases.EditLeadTest" tests="2" failures="0" timestamp="2022-05-18T13:40:35 IST" time="85.551" errors="0">
  <testcase name="createLeadTestCase" time="32.370" classname="testCases.EditLeadTest"/>
  <system-out/>
  <testcase name="createLeadTestCase" time="53.181" classname="testCases.EditLeadTest"/>
  <system-out/>
</testsuite> <!-- testCases.EditLeadTest -->
