<?xml version="1.0" encoding="UTF-8"?>
<!-- Generated by org.testng.reporters.JUnitReportReporter -->
<testsuite skipped="0" hostname="pc" name="testCases.LoginLogoutTest" tests="2" failures="0" timestamp="2022-05-15T16:07:17 IST" time="26.892" errors="0">
  <testcase name="loginLogOutTestCase" time="8.652" classname="testCases.LoginLogoutTest"/>
  <system-out/>
  <testcase name="loginLogOutTestCase" time="18.240" classname="testCases.LoginLogoutTest"/>
  <system-out/>
</testsuite> <!-- testCases.LoginLogoutTest -->
