<?xml version="1.0" encoding="UTF-8"?>
<!-- Generated by org.testng.reporters.JUnitReportReporter -->
<testsuite skipped="0" hostname="pc" name="cucumberRunner.TestRunner" tests="10" failures="0" timestamp="2022-05-18T14:55:23 IST" time="106.714" errors="0">
  <testcase name="runScenario" time="14.012" classname="cucumberRunner.TestRunner"/>
  <system-out/>
  <testcase name="runScenario" time="6.865" classname="cucumberRunner.TestRunner"/>
  <system-out/>
  <testcase name="runScenario" time="6.061" classname="cucumberRunner.TestRunner"/>
  <system-out/>
  <testcase name="runScenario" time="31.504" classname="cucumberRunner.TestRunner"/>
  <system-out/>
  <testcase name="runScenario" time="5.974" classname="cucumberRunner.TestRunner"/>
  <system-out/>
  <testcase name="runScenario" time="5.826" classname="cucumberRunner.TestRunner"/>
  <system-out/>
  <testcase name="runScenario" time="15.406" classname="cucumberRunner.TestRunner"/>
  <system-out/>
  <testcase name="runScenario" time="9.108" classname="cucumberRunner.TestRunner"/>
  <system-out/>
  <testcase name="runScenario" time="5.492" classname="cucumberRunner.TestRunner"/>
  <system-out/>
  <testcase name="runScenario" time="6.466" classname="cucumberRunner.TestRunner"/>
  <system-out/>
</testsuite> <!-- cucumberRunner.TestRunner -->
